Using pre-set license

 COMMAND LINE ARGUMENTS:
/Applications/Unity/Hub/Editor/2020.3.12f1/Unity.app/Contents/MacOS/Unity
-adb2
-batchMode
-noUpm
-name
AssetImportWorker39
-projectPath
/Users/stephenieprovidence/Documents/Kinetic Basketball Game 2D
-logFile
Logs/AssetImportWorker39.log
-srvPort
59693
Successfully changed project path to: /Users/stephenieprovidence/Documents/Kinetic Basketball Game 2D
/Users/stephenieprovidence/Documents/Kinetic Basketball Game 2D
Using Asset Import Pipeline V2.
Refreshing native plugins compatible for Editor in 515.09 ms, found 3 plugins.
Preloading 0 native plugins for Editor in 0.00 ms.
Initialize engine version: 2020.3.12f1 (b3b2c6512326)
[Subsystems] Discovering subsystems at path /Applications/Unity/Hub/Editor/2020.3.12f1/Unity.app/Contents/Resources/UnitySubsystems
[Subsystems] Discovering subsystems at path /Users/stephenieprovidence/Documents/Kinetic Basketball Game 2D/Assets
GfxDevice: creating device client; threaded=0
2021-07-02 12:42:10.622 Unity[20813:724285] Color LCD preferred device: Intel HD Graphics 4000 (low power)
2021-07-02 12:42:10.674 Unity[20813:724285] Metal devices available: 1
2021-07-02 12:42:10.675 Unity[20813:724285] 0: Intel HD Graphics 4000 (low power)
2021-07-02 12:42:10.785 Unity[20813:724285] Using device Intel HD Graphics 4000 (low power)
Initializing Metal device caps: Intel HD Graphics 4000
Initialize mono
Mono path[0] = '/Applications/Unity/Hub/Editor/2020.3.12f1/Unity.app/Contents/Managed'
Mono path[1] = '/Applications/Unity/Hub/Editor/2020.3.12f1/Unity.app/Contents/MonoBleedingEdge/lib/mono/unityjit'
Mono config path = '/Applications/Unity/Hub/Editor/2020.3.12f1/Unity.app/Contents/MonoBleedingEdge/etc'
Using monoOptions --debugger-agent=transport=dt_socket,embedding=1,server=y,suspend=n,address=127.0.0.1:56813
Begin MonoManager ReloadAssembly
